- PR: Merge pull request 
  Author: @#11 
  Date: from dfds/feature/1786-create-additional-functional-tests-in-confluent-gateway 
  Title: 
Author: kralle@gmail.com    
  Author: @ 
  Date:   
  Title: 
Date: Wed Jul 12 09:31:50 
  Author: @2023 
  Date: +0200  
  Title: 
- PR: Merge pull request 
  Author: @#13 
  Date: from dfds/feature/ad-hoc_allow-relative-path-for-environment-file 
  Title: 
Author: andreas.frisch@gmail.com    
  Author: @ 
  Date:   
  Title: 
Date: Tue Jul 11 11:00:34 
  Author: @2023 
  Date: +0200  
  Title: 
- PR: Merge pull request 
  Author: @#10 
  Date: from dfds/feature/1772/processes-test 
  Title: 
Author: kralle@gmail.com    
  Author: @ 
  Date:   
  Title: 
Date: Thu Jul 6 16:23:29 
  Author: @2023 
  Date: +0200  
  Title: 
- PR: Merge pull request 
  Author: @#8 
  Date: from dfds/feature/issue-1564/api-key-rbac-for-schema-registry 
  Title: 
Author: kralle@gmail.com    
  Author: @ 
  Date:   
  Title: 
Date: Mon Jun 26 12:41:55 
  Author: @2023 
  Date: +0200  
  Title: 
- PR: Merge pull request 
  Author: @#9 
  Date: from dfds/CLEAN_remove-unused-coloumns-again 
  Title: 
Author: andreas.frisch@gmail.com    
  Author: @ 
  Date:   
  Title: 
Date: Fri Jun 23 15:30:53 
  Author: @2023 
  Date: +0200  
  Title: 
- PR: Merge pull request 
  Author: @#5 
  Date: from dfds/CLEAN_topic-request-no-create-serviceaccount 
  Title: 
Author: andreas.frisch@gmail.com    
  Author: @ 
  Date:   
  Title: 
Date: Fri Jun 23 15:08:17 
  Author: @2023 
  Date: +0200  
  Title: 
- PR: Merge pull request 
  Author: @#3 
  Date: from dfds/dependabot/go_modules/fake_dependencies/confluent-cloud/github.com/gin-gonic/gin-1.9.1 
  Title: 
Author: andreas.frisch@gmail.com    
  Author: @ 
  Date:   
  Title: 
Date: Wed Jun 21 14:26:07 
  Author: @2023 
  Date: +0200  
  Title: 
- PR: Merge pull request 
  Author: @#6 
  Date: from dfds/feature/removal-of-schemas 
  Title: 
Author: kralle@gmail.com    
  Author: @ 
  Date:   
  Title: 
Date: Thu Jun 15 15:40:23 
  Author: @2023 
  Date: +0200  
  Title: 
- PR: Merge pull request 
  Author: @#4 
  Date: from dfds/FEAT_service-account-access 
  Title: 
Author: andreas.frisch@gmail.com    
  Author: @ 
  Date:   
  Title: 
Date: Mon Jun 12 10:45:24 
  Author: @2023 
  Date: +0200  
  Title: 
